{"name": "Тест проверки увеличения счетчика при создании нового заказа", "status": "broken", "statusDetails": {"message": "selenium.common.exceptions.ElementClickInterceptedException: Message: Element <p class=\"AppHeader_header__linkText__3q_va ml-2\"> is not clickable at point (612,44) because another element <div class=\"Modal_modal_overlay__x2ZCr\"> obscures it\nStacktrace:\nRemoteError@chrome://remote/content/shared/RemoteError.sys.mjs:8:8\nWebDriverError@chrome://remote/content/shared/webdriver/Errors.sys.mjs:197:5\nElementClickInterceptedError@chrome://remote/content/shared/webdriver/Errors.sys.mjs:342:5\nwebdriverClickElement@chrome://remote/content/marionette/interaction.sys.mjs:177:11\ninteraction.clickElement@chrome://remote/content/marionette/interaction.sys.mjs:136:11\nclickElement@chrome://remote/content/marionette/actors/MarionetteCommandsChild.sys.mjs:344:29\nreceiveMessage@chrome://remote/content/marionette/actors/MarionetteCommandsChild.sys.mjs:220:31", "trace": "self = <tests.test_orders_feed.TestOrdersFeed object at 0x000002B82F464F08>, driver = <selenium.webdriver.firefox.webdriver.WebDriver (session=\"aefdaf0f-9e37-4447-90f0-e1b4cf535286\")>\ncounter = ('xpath', \".//p[text()='Выполнено за сегодня:']/following::p\"), login_user = <pages.personal_account_page.PersonalAccount object at 0x000002B82F4C81C8>\n\n    @allure.title('Тест проверки увеличения счетчика при создании нового заказа')\n    @pytest.mark.parametrize('counter', [OrdersFeedPageLocators.ALL_TIME_COUNTER, OrdersFeedPageLocators.TODAY_COUNTER])\n    def test_counter_increase(self, driver, counter, login_user):\n        orders = OrdersFeedPage(driver)\n        orders.main_page_loading_wait()\n    \n        orders.click_on_orders_feed()\n        initial_count = orders.get_initial_count(counter)\n    \n        orders.click_on_constructor()\n        orders.drag_and_drop_ingredient()\n        orders.click_on_button_ordering()\n    \n        orders.wait_for_order_number()\n        orders.close_popup()\n    \n>       orders.click_on_orders_feed()\n\ntests\\test_orders_feed.py:53: \n_ _ _ _ _ _ _ _ _ _ _ _ _ _ _ _ _ _ _ _ _ _ _ _ _ _ _ _ _ _ _ _ _ _ _ _ _ _ _ _ _ _ _ _ _ _ _ _ _ _ _ _ _ _ _ _ _ _ _ _ _ _ _ _ _ _ _ _ _ _ _ _ _ _ _ _ _ _ _ _ _ _ _ _ _ _ _ _ _ _ _ _\npages\\orders_feed_page.py:18: in click_on_orders_feed\n    self.click_on_element(FunctionalPageLocators.ORDERS_FEED)\npages\\base_page.py:22: in click_on_element\n    element.click()\nvenv\\lib\\site-packages\\selenium\\webdriver\\remote\\webelement.py:94: in click\n    self._execute(Command.CLICK_ELEMENT)\nvenv\\lib\\site-packages\\selenium\\webdriver\\remote\\webelement.py:395: in _execute\n    return self._parent.execute(command, params)\nvenv\\lib\\site-packages\\selenium\\webdriver\\remote\\webdriver.py:345: in execute\n    self.error_handler.check_response(response)\n_ _ _ _ _ _ _ _ _ _ _ _ _ _ _ _ _ _ _ _ _ _ _ _ _ _ _ _ _ _ _ _ _ _ _ _ _ _ _ _ _ _ _ _ _ _ _ _ _ _ _ _ _ _ _ _ _ _ _ _ _ _ _ _ _ _ _ _ _ _ _ _ _ _ _ _ _ _ _ _ _ _ _ _ _ _ _ _ _ _ _ _\n\nself = <selenium.webdriver.remote.errorhandler.ErrorHandler object at 0x000002B82F506548>\nresponse = {'status': 400, 'value': '{\"value\":{\"error\":\"element click intercepted\",\"message\":\"Element <p class=\\\\\"AppHeader_heade...ys.mjs:344:29\\\\nreceiveMessage@chrome://remote/content/marionette/actors/MarionetteCommandsChild.sys.mjs:220:31\\\\n\"}}'}\n\n    def check_response(self, response: Dict[str, Any]) -> None:\n        \"\"\"Checks that a JSON response from the WebDriver does not have an\n        error.\n    \n        :Args:\n         - response - The JSON response from the WebDriver server as a dictionary\n           object.\n    \n        :Raises: If the response contains an error message.\n        \"\"\"\n        status = response.get(\"status\", None)\n        if not status or status == ErrorCode.SUCCESS:\n            return\n        value = None\n        message = response.get(\"message\", \"\")\n        screen: str = response.get(\"screen\", \"\")\n        stacktrace = None\n        if isinstance(status, int):\n            value_json = response.get(\"value\", None)\n            if value_json and isinstance(value_json, str):\n                import json\n    \n                try:\n                    value = json.loads(value_json)\n                    if len(value) == 1:\n                        value = value[\"value\"]\n                    status = value.get(\"error\", None)\n                    if not status:\n                        status = value.get(\"status\", ErrorCode.UNKNOWN_ERROR)\n                        message = value.get(\"value\") or value.get(\"message\")\n                        if not isinstance(message, str):\n                            value = message\n                            message = message.get(\"message\")\n                    else:\n                        message = value.get(\"message\", None)\n                except ValueError:\n                    pass\n    \n        exception_class: Type[WebDriverException]\n        e = ErrorCode()\n        error_codes = [item for item in dir(e) if not item.startswith(\"__\")]\n        for error_code in error_codes:\n            error_info = getattr(ErrorCode, error_code)\n            if isinstance(error_info, list) and status in error_info:\n                exception_class = getattr(ExceptionMapping, error_code, WebDriverException)\n                break\n        else:\n            exception_class = WebDriverException\n    \n        if not value:\n            value = response[\"value\"]\n        if isinstance(value, str):\n            raise exception_class(value)\n        if message == \"\" and \"message\" in value:\n            message = value[\"message\"]\n    \n        screen = None  # type: ignore[assignment]\n        if \"screen\" in value:\n            screen = value[\"screen\"]\n    \n        stacktrace = None\n        st_value = value.get(\"stackTrace\") or value.get(\"stacktrace\")\n        if st_value:\n            if isinstance(st_value, str):\n                stacktrace = st_value.split(\"\\n\")\n            else:\n                stacktrace = []\n                try:\n                    for frame in st_value:\n                        line = frame.get(\"lineNumber\", \"\")\n                        file = frame.get(\"fileName\", \"<anonymous>\")\n                        if line:\n                            file = f\"{file}:{line}\"\n                        meth = frame.get(\"methodName\", \"<anonymous>\")\n                        if \"className\" in frame:\n                            meth = f\"{frame['className']}.{meth}\"\n                        msg = \"    at %s (%s)\"\n                        msg = msg % (meth, file)\n                        stacktrace.append(msg)\n                except TypeError:\n                    pass\n        if exception_class == UnexpectedAlertPresentException:\n            alert_text = None\n            if \"data\" in value:\n                alert_text = value[\"data\"].get(\"text\")\n            elif \"alert\" in value:\n                alert_text = value[\"alert\"].get(\"text\")\n            raise exception_class(message, screen, stacktrace, alert_text)  # type: ignore[call-arg]  # mypy is not smart enough here\n>       raise exception_class(message, screen, stacktrace)\nE       selenium.common.exceptions.ElementClickInterceptedException: Message: Element <p class=\"AppHeader_header__linkText__3q_va ml-2\"> is not clickable at point (612,44) because another element <div class=\"Modal_modal_overlay__x2ZCr\"> obscures it\nE       Stacktrace:\nE       RemoteError@chrome://remote/content/shared/RemoteError.sys.mjs:8:8\nE       WebDriverError@chrome://remote/content/shared/webdriver/Errors.sys.mjs:197:5\nE       ElementClickInterceptedError@chrome://remote/content/shared/webdriver/Errors.sys.mjs:342:5\nE       webdriverClickElement@chrome://remote/content/marionette/interaction.sys.mjs:177:11\nE       interaction.clickElement@chrome://remote/content/marionette/interaction.sys.mjs:136:11\nE       clickElement@chrome://remote/content/marionette/actors/MarionetteCommandsChild.sys.mjs:344:29\nE       receiveMessage@chrome://remote/content/marionette/actors/MarionetteCommandsChild.sys.mjs:220:31\n\nvenv\\lib\\site-packages\\selenium\\webdriver\\remote\\errorhandler.py:229: ElementClickInterceptedException"}, "steps": [{"name": "Дождаться загрузки страницы", "status": "passed", "steps": [{"name": "Подождать пока элемент не станет невидимым", "status": "passed", "parameters": [{"name": "locator", "value": "('xpath', \".//div[contains(@class, 'Modal_modal_overlay__x2ZCr')]/parent::div\")"}, {"name": "timeout", "value": "10"}], "start": 1739725767361, "stop": 1739725767375}], "start": 1739725767361, "stop": 1739725767375}, {"name": "Кликнуть на раздел \"Лента заказов\"", "status": "passed", "steps": [{"name": "Кликнуть на элемент", "status": "passed", "steps": [{"name": "Подождать видимости элемента", "status": "passed", "parameters": [{"name": "locator", "value": "('xpath', \".//p[text()='Лента Заказов']\")"}, {"name": "timeout", "value": "10"}], "start": 1739725767376, "stop": 1739725767387}], "parameters": [{"name": "locator", "value": "('xpath', \".//p[text()='Лента Заказов']\")"}, {"name": "timeout", "value": "10"}], "start": 1739725767376, "stop": 1739725767603}], "start": 1739725767375, "stop": 1739725767603}, {"name": "Получить текст oб исходном количестве заказов", "status": "passed", "steps": [{"name": "Подождать видимости элемента", "status": "passed", "parameters": [{"name": "locator", "value": "('xpath', \".//p[text()='Выполнено за сегодня:']/following::p\")"}, {"name": "timeout", "value": "10"}], "start": 1739725767603, "stop": 1739725768131}, {"name": "Получить текст элемента", "status": "passed", "parameters": [{"name": "locator", "value": "('xpath', \".//p[text()='Выполнено за сегодня:']/following::p\")"}], "start": 1739725768131, "stop": 1739725768142}], "parameters": [{"name": "locator", "value": "('xpath', \".//p[text()='Выполнено за сегодня:']/following::p\")"}], "start": 1739725767603, "stop": 1739725768142}, {"name": "Кликнуть на раздел \"Конструктор\"", "status": "passed", "steps": [{"name": "Кликнуть на элемент", "status": "passed", "steps": [{"name": "Подождать видимости элемента", "status": "passed", "parameters": [{"name": "locator", "value": "('xpath', \".//p[text()='Конструктор']\")"}, {"name": "timeout", "value": "10"}], "start": 1739725768143, "stop": 1739725768155}], "parameters": [{"name": "locator", "value": "('xpath', \".//p[text()='Конструктор']\")"}, {"name": "timeout", "value": "10"}], "start": 1739725768142, "stop": 1739725768380}], "start": 1739725768142, "stop": 1739725768380}, {"name": "Добавить ингредиент в корзину", "status": "passed", "steps": [{"name": "Перетащить элемент в корзину", "status": "passed", "parameters": [{"name": "first_locator", "value": "('xpath', \".//p[text()='Флюоресцентная булка R2-D3']\")"}, {"name": "second_locator", "value": "('xpath', \".//ul[starts-with(@class, 'BurgerConstructor_basket__list__')]\")"}], "start": 1739725768380, "stop": 1739725768400}], "start": 1739725768380, "stop": 1739725768400}, {"name": "Кликнуть на элемент \"Оформить заказ\"", "status": "passed", "steps": [{"name": "Кликнуть на элемент", "status": "passed", "steps": [{"name": "Подождать видимости элемента", "status": "passed", "parameters": [{"name": "locator", "value": "('xpath', \".//button[text()='Оформить заказ']\")"}, {"name": "timeout", "value": "10"}], "start": 1739725768400, "stop": 1739725768412}], "parameters": [{"name": "locator", "value": "('xpath', \".//button[text()='Оформить заказ']\")"}, {"name": "timeout", "value": "10"}], "start": 1739725768400, "stop": 1739725768623}], "start": 1739725768400, "stop": 1739725768623}, {"name": "Подождать видимости элемента с номером заказа", "status": "passed", "steps": [{"name": "Проверить, что элемент невидим", "status": "passed", "parameters": [{"name": "locator", "value": "('xpath', \".//div[contains(@class, 'Modal_modal_overlay__x2ZCr')]/parent::div\")"}, {"name": "timeout", "value": "10"}], "start": 1739725768623, "stop": 1739725770764}], "start": 1739725768623, "stop": 1739725770764}, {"name": "Кликнуть на закрытие попапа с номером заказа", "status": "passed", "steps": [{"name": "Кликнуть на элемент", "status": "passed", "steps": [{"name": "Подождать видимости элемента", "status": "passed", "parameters": [{"name": "locator", "value": "('xpath', \".//button[contains(@class, 'Modal_modal__close')]\")"}, {"name": "timeout", "value": "10"}], "start": 1739725770765, "stop": 1739725770776}], "parameters": [{"name": "locator", "value": "('xpath', \".//button[contains(@class, 'Modal_modal__close')]\")"}, {"name": "timeout", "value": "10"}], "start": 1739725770765, "stop": 1739725770990}], "start": 1739725770765, "stop": 1739725770990}, {"name": "Кликнуть на раздел \"Лента заказов\"", "status": "broken", "statusDetails": {"message": "selenium.common.exceptions.ElementClickInterceptedException: Message: Element <p class=\"AppHeader_header__linkText__3q_va ml-2\"> is not clickable at point (612,44) because another element <div class=\"Modal_modal_overlay__x2ZCr\"> obscures it\nStacktrace:\nRemoteError@chrome://remote/content/shared/RemoteError.sys.mjs:8:8\nWebDriverError@chrome://remote/content/shared/webdriver/Errors.sys.mjs:197:5\nElementClickInterceptedError@chrome://remote/content/shared/webdriver/Errors.sys.mjs:342:5\nwebdriverClickElement@chrome://remote/content/marionette/interaction.sys.mjs:177:11\ninteraction.clickElement@chrome://remote/content/marionette/interaction.sys.mjs:136:11\nclickElement@chrome://remote/content/marionette/actors/MarionetteCommandsChild.sys.mjs:344:29\nreceiveMessage@chrome://remote/content/marionette/actors/MarionetteCommandsChild.sys.mjs:220:31\n\n", "trace": "  File \"C:\\Users\\Kirill Troitsky\\practicum\\Diplom\\Diplom_3\\venv\\lib\\site-packages\\allure_commons\\_allure.py\", line 192, in impl\n    return func(*a, **kw)\n  File \"C:\\Users\\Kirill Troitsky\\practicum\\Diplom\\Diplom_3\\pages\\orders_feed_page.py\", line 18, in click_on_orders_feed\n    self.click_on_element(FunctionalPageLocators.ORDERS_FEED)\n  File \"C:\\Users\\Kirill Troitsky\\practicum\\Diplom\\Diplom_3\\venv\\lib\\site-packages\\allure_commons\\_allure.py\", line 192, in impl\n    return func(*a, **kw)\n  File \"C:\\Users\\Kirill Troitsky\\practicum\\Diplom\\Diplom_3\\pages\\base_page.py\", line 22, in click_on_element\n    element.click()\n  File \"C:\\Users\\Kirill Troitsky\\practicum\\Diplom\\Diplom_3\\venv\\lib\\site-packages\\selenium\\webdriver\\remote\\webelement.py\", line 94, in click\n    self._execute(Command.CLICK_ELEMENT)\n  File \"C:\\Users\\Kirill Troitsky\\practicum\\Diplom\\Diplom_3\\venv\\lib\\site-packages\\selenium\\webdriver\\remote\\webelement.py\", line 395, in _execute\n    return self._parent.execute(command, params)\n  File \"C:\\Users\\Kirill Troitsky\\practicum\\Diplom\\Diplom_3\\venv\\lib\\site-packages\\selenium\\webdriver\\remote\\webdriver.py\", line 345, in execute\n    self.error_handler.check_response(response)\n  File \"C:\\Users\\Kirill Troitsky\\practicum\\Diplom\\Diplom_3\\venv\\lib\\site-packages\\selenium\\webdriver\\remote\\errorhandler.py\", line 229, in check_response\n    raise exception_class(message, screen, stacktrace)\n"}, "steps": [{"name": "Кликнуть на элемент", "status": "broken", "statusDetails": {"message": "selenium.common.exceptions.ElementClickInterceptedException: Message: Element <p class=\"AppHeader_header__linkText__3q_va ml-2\"> is not clickable at point (612,44) because another element <div class=\"Modal_modal_overlay__x2ZCr\"> obscures it\nStacktrace:\nRemoteError@chrome://remote/content/shared/RemoteError.sys.mjs:8:8\nWebDriverError@chrome://remote/content/shared/webdriver/Errors.sys.mjs:197:5\nElementClickInterceptedError@chrome://remote/content/shared/webdriver/Errors.sys.mjs:342:5\nwebdriverClickElement@chrome://remote/content/marionette/interaction.sys.mjs:177:11\ninteraction.clickElement@chrome://remote/content/marionette/interaction.sys.mjs:136:11\nclickElement@chrome://remote/content/marionette/actors/MarionetteCommandsChild.sys.mjs:344:29\nreceiveMessage@chrome://remote/content/marionette/actors/MarionetteCommandsChild.sys.mjs:220:31\n\n", "trace": "  File \"C:\\Users\\Kirill Troitsky\\practicum\\Diplom\\Diplom_3\\venv\\lib\\site-packages\\allure_commons\\_allure.py\", line 192, in impl\n    return func(*a, **kw)\n  File \"C:\\Users\\Kirill Troitsky\\practicum\\Diplom\\Diplom_3\\pages\\base_page.py\", line 22, in click_on_element\n    element.click()\n  File \"C:\\Users\\Kirill Troitsky\\practicum\\Diplom\\Diplom_3\\venv\\lib\\site-packages\\selenium\\webdriver\\remote\\webelement.py\", line 94, in click\n    self._execute(Command.CLICK_ELEMENT)\n  File \"C:\\Users\\Kirill Troitsky\\practicum\\Diplom\\Diplom_3\\venv\\lib\\site-packages\\selenium\\webdriver\\remote\\webelement.py\", line 395, in _execute\n    return self._parent.execute(command, params)\n  File \"C:\\Users\\Kirill Troitsky\\practicum\\Diplom\\Diplom_3\\venv\\lib\\site-packages\\selenium\\webdriver\\remote\\webdriver.py\", line 345, in execute\n    self.error_handler.check_response(response)\n  File \"C:\\Users\\Kirill Troitsky\\practicum\\Diplom\\Diplom_3\\venv\\lib\\site-packages\\selenium\\webdriver\\remote\\errorhandler.py\", line 229, in check_response\n    raise exception_class(message, screen, stacktrace)\n"}, "steps": [{"name": "Подождать видимости элемента", "status": "passed", "parameters": [{"name": "locator", "value": "('xpath', \".//p[text()='Лента Заказов']\")"}, {"name": "timeout", "value": "10"}], "start": 1739725770991, "stop": 1739725771007}], "parameters": [{"name": "locator", "value": "('xpath', \".//p[text()='Лента Заказов']\")"}, {"name": "timeout", "value": "10"}], "start": 1739725770991, "stop": 1739725771012}], "start": 1739725770991, "stop": 1739725771014}], "parameters": [{"name": "driver", "value": "'firefox'"}, {"name": "counter", "value": "('xpath', \".//p[text()='Выполнено за сегодня:']/following::p\")"}], "start": 1739725767361, "stop": 1739725771015, "uuid": "5da7c7cc-18dd-428b-a575-5089ae584578", "historyId": "bfc044de98cb95e6ed84e19f71e5f51e", "testCaseId": "6b8d6f4fa09100ed91d590f81f841d85", "fullName": "tests.test_orders_feed.TestOrdersFeed#test_counter_increase", "labels": [{"name": "parentSuite", "value": "tests"}, {"name": "suite", "value": "test_orders_feed"}, {"name": "subSuite", "value": "TestOrdersFeed"}, {"name": "host", "value": "LAPTOP-2J5GITAM"}, {"name": "thread", "value": "22048-MainThread"}, {"name": "framework", "value": "pytest"}, {"name": "language", "value": "cpython3"}, {"name": "package", "value": "tests.test_orders_feed"}]}