{"name": "Тест проверки успешного отображения заказов пользователя на странице \"Лента заказов\"", "status": "broken", "statusDetails": {"message": "selenium.common.exceptions.TimeoutException: Message:", "trace": "self = <tests.test_orders_feed.TestOrdersFeed object at 0x0000022587141648>, driver = <selenium.webdriver.firefox.webdriver.WebDriver (session=\"98cc82d1-a94d-4ba5-a6bf-fe4d1be27f84\")>\nlogin_user = <pages.personal_account_page.PersonalAccount object at 0x000002258723FAC8>\n\n    @allure.title('Тест проверки успешного отображения заказов пользователя на странице \"Лента заказов\"')\n    def test_display_user_orders(self, driver, login_user):\n        user_orders = OrdersFeedPage(driver)\n        user_orders.main_page_loading_wait()\n        user_orders.drag_and_drop_ingredient()\n        user_orders.click_on_button_ordering()\n    \n>       user_orders.wait_for_order_number()\n\ntests\\test_orders_feed.py:23: \n_ _ _ _ _ _ _ _ _ _ _ _ _ _ _ _ _ _ _ _ _ _ _ _ _ _ _ _ _ _ _ _ _ _ _ _ _ _ _ _ _ _ _ _ _ _ _ _ _ _ _ _ _ _ _ _ _ _ _ _ _ _ _ _ _ _ _ _ _ _ _ _ _ _ _ _ _ _ _ _ _ _ _ _ _ _ _ _ _ _ _ _\npages\\orders_feed_page.py:67: in wait_for_order_number\n    self.check_element_is_invisible(MainPageLocators.OVERLAY)\npages\\base_page.py:40: in check_element_is_invisible\n    WebDriverWait(self.driver, timeout).until(EC.visibility_of_element_located(locator))\n_ _ _ _ _ _ _ _ _ _ _ _ _ _ _ _ _ _ _ _ _ _ _ _ _ _ _ _ _ _ _ _ _ _ _ _ _ _ _ _ _ _ _ _ _ _ _ _ _ _ _ _ _ _ _ _ _ _ _ _ _ _ _ _ _ _ _ _ _ _ _ _ _ _ _ _ _ _ _ _ _ _ _ _ _ _ _ _ _ _ _ _\n\nself = <selenium.webdriver.support.wait.WebDriverWait (session=\"98cc82d1-a94d-4ba5-a6bf-fe4d1be27f84\")>\nmethod = <function visibility_of_element_located.<locals>._predicate at 0x0000022587A6F708>, message = ''\n\n    def until(self, method, message: str = \"\"):\n        \"\"\"Calls the method provided with the driver as an argument until the \\\n        return value does not evaluate to ``False``.\n    \n        :param method: callable(WebDriver)\n        :param message: optional message for :exc:`TimeoutException`\n        :returns: the result of the last call to `method`\n        :raises: :exc:`selenium.common.exceptions.TimeoutException` if timeout occurs\n        \"\"\"\n        screen = None\n        stacktrace = None\n    \n        end_time = time.monotonic() + self._timeout\n        while True:\n            try:\n                value = method(self._driver)\n                if value:\n                    return value\n            except self._ignored_exceptions as exc:\n                screen = getattr(exc, \"screen\", None)\n                stacktrace = getattr(exc, \"stacktrace\", None)\n            time.sleep(self._poll)\n            if time.monotonic() > end_time:\n                break\n>       raise TimeoutException(message, screen, stacktrace)\nE       selenium.common.exceptions.TimeoutException: Message:\n\nvenv\\lib\\site-packages\\selenium\\webdriver\\support\\wait.py:95: TimeoutException"}, "steps": [{"name": "Дождаться загрузки страницы", "status": "passed", "steps": [{"name": "Подождать пока элемент не станет невидимым", "status": "passed", "parameters": [{"name": "locator", "value": "('xpath', \".//div[contains(@class, 'Modal_modal_overlay__x2ZCr')]/parent::div\")"}, {"name": "timeout", "value": "10"}], "start": 1739721493422, "stop": 1739721493438}], "start": 1739721493422, "stop": 1739721493438}, {"name": "Добавить ингредиент в корзину", "status": "passed", "steps": [{"name": "Перетащить элемент в корзину", "status": "passed", "parameters": [{"name": "first_locator", "value": "('xpath', \".//p[text()='Флюоресцентная булка R2-D3']\")"}, {"name": "second_locator", "value": "('xpath', \".//ul[starts-with(@class, 'BurgerConstructor_basket__list__')]\")"}], "start": 1739721493438, "stop": 1739721493975}], "start": 1739721493438, "stop": 1739721493975}, {"name": "Кликнуть на элемент \"Оформить заказ\"", "status": "passed", "steps": [{"name": "Кликнуть на элемент", "status": "passed", "steps": [{"name": "Подождать видимости элемента", "status": "passed", "parameters": [{"name": "locator", "value": "('xpath', \".//button[text()='Оформить заказ']\")"}, {"name": "timeout", "value": "10"}], "start": 1739721493976, "stop": 1739721493992}], "parameters": [{"name": "locator", "value": "('xpath', \".//button[text()='Оформить заказ']\")"}, {"name": "timeout", "value": "10"}], "start": 1739721493976, "stop": 1739721494208}], "start": 1739721493976, "stop": 1739721494208}, {"name": "Подождать видимости элемента с номером заказа", "status": "broken", "statusDetails": {"message": "selenium.common.exceptions.TimeoutException: Message: \n\n", "trace": "  File \"C:\\Users\\Kirill Troitsky\\practicum\\Diplom\\Diplom_3\\venv\\lib\\site-packages\\allure_commons\\_allure.py\", line 192, in impl\n    return func(*a, **kw)\n  File \"C:\\Users\\Kirill Troitsky\\practicum\\Diplom\\Diplom_3\\pages\\orders_feed_page.py\", line 67, in wait_for_order_number\n    self.check_element_is_invisible(MainPageLocators.OVERLAY)\n  File \"C:\\Users\\Kirill Troitsky\\practicum\\Diplom\\Diplom_3\\venv\\lib\\site-packages\\allure_commons\\_allure.py\", line 192, in impl\n    return func(*a, **kw)\n  File \"C:\\Users\\Kirill Troitsky\\practicum\\Diplom\\Diplom_3\\pages\\base_page.py\", line 40, in check_element_is_invisible\n    WebDriverWait(self.driver, timeout).until(EC.visibility_of_element_located(locator))\n  File \"C:\\Users\\Kirill Troitsky\\practicum\\Diplom\\Diplom_3\\venv\\lib\\site-packages\\selenium\\webdriver\\support\\wait.py\", line 95, in until\n    raise TimeoutException(message, screen, stacktrace)\n"}, "steps": [{"name": "Проверить, что элемент невидим", "status": "broken", "statusDetails": {"message": "selenium.common.exceptions.TimeoutException: Message: \n\n", "trace": "  File \"C:\\Users\\Kirill Troitsky\\practicum\\Diplom\\Diplom_3\\venv\\lib\\site-packages\\allure_commons\\_allure.py\", line 192, in impl\n    return func(*a, **kw)\n  File \"C:\\Users\\Kirill Troitsky\\practicum\\Diplom\\Diplom_3\\pages\\base_page.py\", line 40, in check_element_is_invisible\n    WebDriverWait(self.driver, timeout).until(EC.visibility_of_element_located(locator))\n  File \"C:\\Users\\Kirill Troitsky\\practicum\\Diplom\\Diplom_3\\venv\\lib\\site-packages\\selenium\\webdriver\\support\\wait.py\", line 95, in until\n    raise TimeoutException(message, screen, stacktrace)\n"}, "parameters": [{"name": "locator", "value": "('xpath', \".//div[contains(@class, 'Modal_modal_overlay__x2ZCr')]/parent::div\")"}, {"name": "timeout", "value": "20"}], "start": 1739721494209, "stop": 1739721514557}], "start": 1739721494209, "stop": 1739721514578}], "parameters": [{"name": "driver", "value": "'firefox'"}], "start": 1739721493422, "stop": 1739721514578, "uuid": "a6d97339-7bce-4340-b1e7-94f784d8ddf0", "historyId": "80a957c04cf154b5850d44ae57e39af6", "testCaseId": "e9e2de470d1459ba98f60f456ae8ce21", "fullName": "tests.test_orders_feed.TestOrdersFeed#test_display_user_orders", "labels": [{"name": "parentSuite", "value": "tests"}, {"name": "suite", "value": "test_orders_feed"}, {"name": "subSuite", "value": "TestOrdersFeed"}, {"name": "host", "value": "LAPTOP-2J5GITAM"}, {"name": "thread", "value": "20312-MainThread"}, {"name": "framework", "value": "pytest"}, {"name": "language", "value": "cpython3"}, {"name": "package", "value": "tests.test_orders_feed"}]}