{"name": "Тест успешного выхода из аккаунта", "status": "broken", "statusDetails": {"message": "selenium.common.exceptions.TimeoutException: Message:", "trace": "self = <tests.test_personal_account.TestPersonalAccount object at 0x000002258713BF08>\ndriver = <selenium.webdriver.firefox.webdriver.WebDriver (session=\"3df380ef-7a8f-4c25-9466-0758927bfe10\")>\nlogin_user = <pages.personal_account_page.PersonalAccount object at 0x0000022587AB4B48>\n\n    @allure.title('Тест успешного выхода из аккаунта')\n    def test_successful_exit(self, driver, login_user):\n        exit_from_acc = PersonalAccount(driver)\n        exit_from_acc.click_on_order_to_account()\n>       exit_from_acc.click_on_button_exit()\n\ntests\\test_personal_account.py:23: \n_ _ _ _ _ _ _ _ _ _ _ _ _ _ _ _ _ _ _ _ _ _ _ _ _ _ _ _ _ _ _ _ _ _ _ _ _ _ _ _ _ _ _ _ _ _ _ _ _ _ _ _ _ _ _ _ _ _ _ _ _ _ _ _ _ _ _ _ _ _ _ _ _ _ _ _ _ _ _ _ _ _ _ _ _ _ _ _ _ _ _ _\npages\\personal_account_page.py:42: in click_on_button_exit\n    self.check_element_is_invisible(MainPageLocators.MODAL)\npages\\base_page.py:40: in check_element_is_invisible\n    WebDriverWait(self.driver, timeout).until(EC.visibility_of_element_located(locator))\n_ _ _ _ _ _ _ _ _ _ _ _ _ _ _ _ _ _ _ _ _ _ _ _ _ _ _ _ _ _ _ _ _ _ _ _ _ _ _ _ _ _ _ _ _ _ _ _ _ _ _ _ _ _ _ _ _ _ _ _ _ _ _ _ _ _ _ _ _ _ _ _ _ _ _ _ _ _ _ _ _ _ _ _ _ _ _ _ _ _ _ _\n\nself = <selenium.webdriver.support.wait.WebDriverWait (session=\"3df380ef-7a8f-4c25-9466-0758927bfe10\")>\nmethod = <function visibility_of_element_located.<locals>._predicate at 0x0000022587A6F828>, message = ''\n\n    def until(self, method, message: str = \"\"):\n        \"\"\"Calls the method provided with the driver as an argument until the \\\n        return value does not evaluate to ``False``.\n    \n        :param method: callable(WebDriver)\n        :param message: optional message for :exc:`TimeoutException`\n        :returns: the result of the last call to `method`\n        :raises: :exc:`selenium.common.exceptions.TimeoutException` if timeout occurs\n        \"\"\"\n        screen = None\n        stacktrace = None\n    \n        end_time = time.monotonic() + self._timeout\n        while True:\n            try:\n                value = method(self._driver)\n                if value:\n                    return value\n            except self._ignored_exceptions as exc:\n                screen = getattr(exc, \"screen\", None)\n                stacktrace = getattr(exc, \"stacktrace\", None)\n            time.sleep(self._poll)\n            if time.monotonic() > end_time:\n                break\n>       raise TimeoutException(message, screen, stacktrace)\nE       selenium.common.exceptions.TimeoutException: Message:\n\nvenv\\lib\\site-packages\\selenium\\webdriver\\support\\wait.py:95: TimeoutException"}, "steps": [{"name": "Кликнуть на элемент \"Личный кабинет\"", "status": "passed", "steps": [{"name": "Кликнуть на элемент", "status": "passed", "steps": [{"name": "Подождать видимости элемента", "status": "passed", "parameters": [{"name": "locator", "value": "('xpath', \".//p[text()='Личный Кабинет']\")"}, {"name": "timeout", "value": "10"}], "start": 1739721785821, "stop": 1739721785835}], "parameters": [{"name": "locator", "value": "('xpath', \".//p[text()='Личный Кабинет']\")"}, {"name": "timeout", "value": "10"}], "start": 1739721785821, "stop": 1739721786053}], "start": 1739721785820, "stop": 1739721786053}, {"name": "Кликнуть на элемент \"Выход\"", "status": "broken", "statusDetails": {"message": "selenium.common.exceptions.TimeoutException: Message: \n\n", "trace": "  File \"C:\\Users\\Kirill Troitsky\\practicum\\Diplom\\Diplom_3\\venv\\lib\\site-packages\\allure_commons\\_allure.py\", line 192, in impl\n    return func(*a, **kw)\n  File \"C:\\Users\\Kirill Troitsky\\practicum\\Diplom\\Diplom_3\\pages\\personal_account_page.py\", line 42, in click_on_button_exit\n    self.check_element_is_invisible(MainPageLocators.MODAL)\n  File \"C:\\Users\\Kirill Troitsky\\practicum\\Diplom\\Diplom_3\\venv\\lib\\site-packages\\allure_commons\\_allure.py\", line 192, in impl\n    return func(*a, **kw)\n  File \"C:\\Users\\Kirill Troitsky\\practicum\\Diplom\\Diplom_3\\pages\\base_page.py\", line 40, in check_element_is_invisible\n    WebDriverWait(self.driver, timeout).until(EC.visibility_of_element_located(locator))\n  File \"C:\\Users\\Kirill Troitsky\\practicum\\Diplom\\Diplom_3\\venv\\lib\\site-packages\\selenium\\webdriver\\support\\wait.py\", line 95, in until\n    raise TimeoutException(message, screen, stacktrace)\n"}, "steps": [{"name": "Проверить, что элемент невидим", "status": "broken", "statusDetails": {"message": "selenium.common.exceptions.TimeoutException: Message: \n\n", "trace": "  File \"C:\\Users\\Kirill Troitsky\\practicum\\Diplom\\Diplom_3\\venv\\lib\\site-packages\\allure_commons\\_allure.py\", line 192, in impl\n    return func(*a, **kw)\n  File \"C:\\Users\\Kirill Troitsky\\practicum\\Diplom\\Diplom_3\\pages\\base_page.py\", line 40, in check_element_is_invisible\n    WebDriverWait(self.driver, timeout).until(EC.visibility_of_element_located(locator))\n  File \"C:\\Users\\Kirill Troitsky\\practicum\\Diplom\\Diplom_3\\venv\\lib\\site-packages\\selenium\\webdriver\\support\\wait.py\", line 95, in until\n    raise TimeoutException(message, screen, stacktrace)\n"}, "parameters": [{"name": "locator", "value": "('xpath', \".//div[contains(@class, 'Modal_modal__P3_V5')]\")"}, {"name": "timeout", "value": "20"}], "start": 1739721786054, "stop": 1739721806494}], "start": 1739721786054, "stop": 1739721806494}], "parameters": [{"name": "driver", "value": "'firefox'"}], "start": 1739721785820, "stop": 1739721806495, "uuid": "f3e5c83c-78a6-4fba-8198-97a02d73cca0", "historyId": "db3e60556f041c6bb8c233d42a64960b", "testCaseId": "f4ee7bf7f299a94aabe5f9cdfd4a70f0", "fullName": "tests.test_personal_account.TestPersonalAccount#test_successful_exit", "labels": [{"name": "parentSuite", "value": "tests"}, {"name": "suite", "value": "test_personal_account"}, {"name": "subSuite", "value": "TestPersonalAccount"}, {"name": "host", "value": "LAPTOP-2J5GITAM"}, {"name": "thread", "value": "20312-MainThread"}, {"name": "framework", "value": "pytest"}, {"name": "language", "value": "cpython3"}, {"name": "package", "value": "tests.test_personal_account"}]}