{"name": "Тест проверки появления номера заказа в разделе \"В работе\" после оформления", "status": "broken", "statusDetails": {"message": "selenium.common.exceptions.TimeoutException: Message: \nStacktrace:\nRemoteError@chrome://remote/content/shared/RemoteError.sys.mjs:8:8\nWebDriverError@chrome://remote/content/shared/webdriver/Errors.sys.mjs:197:5\nNoSuchElementError@chrome://remote/content/shared/webdriver/Errors.sys.mjs:527:5\ndom.find/</<@chrome://remote/content/shared/DOM.sys.mjs:136:16", "trace": "self = <tests.test_orders_feed.TestOrdersFeed object at 0x000002B53F561208>, driver = <selenium.webdriver.firefox.webdriver.WebDriver (session=\"8882b7a3-5e6b-4e1f-95a9-37f7ec791d05\")>\nlogin_user = <pages.personal_account_page.PersonalAccount object at 0x000002B53F5D6788>\n\n    @allure.title('Тест проверки появления номера заказа в разделе \"В работе\" после оформления')\n    def test_appearance_of_the_order_number(self, driver, login_user):\n        orders = OrdersFeedPage(driver)\n        orders.main_page_loading_wait()\n        orders.drag_and_drop_ingredient()\n        orders.click_on_button_ordering()\n    \n        orders.wait_for_order_number()\n        order_id = orders.get_order_number_text()\n        orders.close_popup()\n    \n        orders.click_on_orders_feed()\n>       order_in_progress = orders.get_text_order_number_in_progress(order_id)\n\ntests\\test_orders_feed.py:70: \n_ _ _ _ _ _ _ _ _ _ _ _ _ _ _ _ _ _ _ _ _ _ _ _ _ _ _ _ _ _ _ _ _ _ _ _ _ _ _ _ _ _ _ _ _ _ _ _ _ _ _ _ _ _ _ _ _ _ _ _ _ _ _ _ _ _ _ _ _ _ _ _ _ _ _ _ _ _ _ _ _ _ _ _ _ _ _ _ _ _ _ _\npages\\orders_feed_page.py:89: in get_text_order_number_in_progress\n    self.wait_for_element(locator)\npages\\base_page.py:13: in wait_for_element\n    return WebDriverWait(self.driver, timeout).until(EC.visibility_of_element_located(locator))\n_ _ _ _ _ _ _ _ _ _ _ _ _ _ _ _ _ _ _ _ _ _ _ _ _ _ _ _ _ _ _ _ _ _ _ _ _ _ _ _ _ _ _ _ _ _ _ _ _ _ _ _ _ _ _ _ _ _ _ _ _ _ _ _ _ _ _ _ _ _ _ _ _ _ _ _ _ _ _ _ _ _ _ _ _ _ _ _ _ _ _ _\n\nself = <selenium.webdriver.support.wait.WebDriverWait (session=\"8882b7a3-5e6b-4e1f-95a9-37f7ec791d05\")>\nmethod = <function visibility_of_element_located.<locals>._predicate at 0x000002B53F40C168>, message = ''\n\n    def until(self, method, message: str = \"\"):\n        \"\"\"Calls the method provided with the driver as an argument until the \\\n        return value does not evaluate to ``False``.\n    \n        :param method: callable(WebDriver)\n        :param message: optional message for :exc:`TimeoutException`\n        :returns: the result of the last call to `method`\n        :raises: :exc:`selenium.common.exceptions.TimeoutException` if timeout occurs\n        \"\"\"\n        screen = None\n        stacktrace = None\n    \n        end_time = time.monotonic() + self._timeout\n        while True:\n            try:\n                value = method(self._driver)\n                if value:\n                    return value\n            except self._ignored_exceptions as exc:\n                screen = getattr(exc, \"screen\", None)\n                stacktrace = getattr(exc, \"stacktrace\", None)\n            time.sleep(self._poll)\n            if time.monotonic() > end_time:\n                break\n>       raise TimeoutException(message, screen, stacktrace)\nE       selenium.common.exceptions.TimeoutException: Message: \nE       Stacktrace:\nE       RemoteError@chrome://remote/content/shared/RemoteError.sys.mjs:8:8\nE       WebDriverError@chrome://remote/content/shared/webdriver/Errors.sys.mjs:197:5\nE       NoSuchElementError@chrome://remote/content/shared/webdriver/Errors.sys.mjs:527:5\nE       dom.find/</<@chrome://remote/content/shared/DOM.sys.mjs:136:16\n\nvenv\\lib\\site-packages\\selenium\\webdriver\\support\\wait.py:95: TimeoutException"}, "steps": [{"name": "Дождаться загрузки страницы", "status": "passed", "steps": [{"name": "Подождать пока элемент не станет невидимым", "status": "passed", "parameters": [{"name": "locator", "value": "('xpath', \".//div[contains(@class, 'Modal_modal_overlay__x2ZCr')]/parent::div\")"}, {"name": "timeout", "value": "10"}], "start": 1739728714796, "stop": 1739728714813}], "start": 1739728714796, "stop": 1739728714813}, {"name": "Добавить ингредиент в корзину", "status": "passed", "steps": [{"name": "Перетащить элемент в корзину", "status": "passed", "parameters": [{"name": "first_locator", "value": "('xpath', \".//p[text()='Флюоресцентная булка R2-D3']\")"}, {"name": "second_locator", "value": "('xpath', \".//ul[starts-with(@class, 'BurgerConstructor_basket__list__')]\")"}], "start": 1739728714813, "stop": 1739728714831}], "start": 1739728714813, "stop": 1739728714831}, {"name": "Кликнуть на элемент \"Оформить заказ\"", "status": "passed", "steps": [{"name": "Кликнуть на элемент", "status": "passed", "steps": [{"name": "Подождать видимости элемента", "status": "passed", "parameters": [{"name": "locator", "value": "('xpath', \".//button[text()='Оформить заказ']\")"}, {"name": "timeout", "value": "10"}], "start": 1739728714832, "stop": 1739728714848}], "parameters": [{"name": "locator", "value": "('xpath', \".//button[text()='Оформить заказ']\")"}, {"name": "timeout", "value": "10"}], "start": 1739728714831, "stop": 1739728715064}], "start": 1739728714831, "stop": 1739728715064}, {"name": "Подождать видимости элемента с номером заказа", "status": "passed", "steps": [{"name": "Проверить, что элемент невидим", "status": "passed", "parameters": [{"name": "locator", "value": "('xpath', \".//div[contains(@class, 'Modal_modal_overlay__x2ZCr')]/parent::div\")"}, {"name": "timeout", "value": "10"}], "start": 1739728715065, "stop": 1739728717758}], "start": 1739728715064, "stop": 1739728717758}, {"name": "Получить текст номера заказа", "status": "passed", "steps": [{"name": "Получить текст элемента", "status": "passed", "parameters": [{"name": "locator", "value": "('xpath', \".//h2[starts-with(@class, 'Modal_modal__title_')]\")"}], "start": 1739728717758, "stop": 1739728717773}], "start": 1739728717758, "stop": 1739728717773}, {"name": "Кликнуть на закрытие попапа с номером заказа", "status": "passed", "steps": [{"name": "Кликнуть на элемент", "status": "passed", "steps": [{"name": "Подождать видимости элемента", "status": "passed", "parameters": [{"name": "locator", "value": "('xpath', \".//button[contains(@class, 'Modal_modal__close')]\")"}, {"name": "timeout", "value": "10"}], "start": 1739728717773, "stop": 1739728717788}], "parameters": [{"name": "locator", "value": "('xpath', \".//button[contains(@class, 'Modal_modal__close')]\")"}, {"name": "timeout", "value": "10"}], "start": 1739728717773, "stop": 1739728718006}, {"name": "Проверить, что элемент невидим", "status": "passed", "parameters": [{"name": "locator", "value": "('xpath', \".//div[contains(@class, 'Modal_modal__P3_V5')]\")"}, {"name": "timeout", "value": "10"}], "start": 1739728718006, "stop": 1739728728482}], "start": 1739728717773, "stop": 1739728728482}, {"name": "Кликнуть на раздел \"Лента заказов\"", "status": "passed", "steps": [{"name": "Кликнуть на элемент", "status": "passed", "steps": [{"name": "Подождать видимости элемента", "status": "passed", "parameters": [{"name": "locator", "value": "('xpath', \".//p[text()='Лента Заказов']\")"}, {"name": "timeout", "value": "10"}], "start": 1739728728482, "stop": 1739728728499}], "parameters": [{"name": "locator", "value": "('xpath', \".//p[text()='Лента Заказов']\")"}, {"name": "timeout", "value": "10"}], "start": 1739728728482, "stop": 1739728728725}], "start": 1739728728482, "stop": 1739728728725}, {"name": "Получить номер заказа \"В работе\"", "status": "broken", "statusDetails": {"message": "selenium.common.exceptions.TimeoutException: Message: \nStacktrace:\nRemoteError@chrome://remote/content/shared/RemoteError.sys.mjs:8:8\nWebDriverError@chrome://remote/content/shared/webdriver/Errors.sys.mjs:197:5\nNoSuchElementError@chrome://remote/content/shared/webdriver/Errors.sys.mjs:527:5\ndom.find/</<@chrome://remote/content/shared/DOM.sys.mjs:136:16\n\n", "trace": "  File \"C:\\Users\\Kirill Troitsky\\practicum\\Diplom\\Diplom_3\\venv\\lib\\site-packages\\allure_commons\\_allure.py\", line 192, in impl\n    return func(*a, **kw)\n  File \"C:\\Users\\Kirill Troitsky\\practicum\\Diplom\\Diplom_3\\pages\\orders_feed_page.py\", line 89, in get_text_order_number_in_progress\n    self.wait_for_element(locator)\n  File \"C:\\Users\\Kirill Troitsky\\practicum\\Diplom\\Diplom_3\\venv\\lib\\site-packages\\allure_commons\\_allure.py\", line 192, in impl\n    return func(*a, **kw)\n  File \"C:\\Users\\Kirill Troitsky\\practicum\\Diplom\\Diplom_3\\pages\\base_page.py\", line 13, in wait_for_element\n    return WebDriverWait(self.driver, timeout).until(EC.visibility_of_element_located(locator))\n  File \"C:\\Users\\Kirill Troitsky\\practicum\\Diplom\\Diplom_3\\venv\\lib\\site-packages\\selenium\\webdriver\\support\\wait.py\", line 95, in until\n    raise TimeoutException(message, screen, stacktrace)\n"}, "steps": [{"name": "Подождать видимости элемента", "status": "broken", "statusDetails": {"message": "selenium.common.exceptions.TimeoutException: Message: \nStacktrace:\nRemoteError@chrome://remote/content/shared/RemoteError.sys.mjs:8:8\nWebDriverError@chrome://remote/content/shared/webdriver/Errors.sys.mjs:197:5\nNoSuchElementError@chrome://remote/content/shared/webdriver/Errors.sys.mjs:527:5\ndom.find/</<@chrome://remote/content/shared/DOM.sys.mjs:136:16\n\n", "trace": "  File \"C:\\Users\\Kirill Troitsky\\practicum\\Diplom\\Diplom_3\\venv\\lib\\site-packages\\allure_commons\\_allure.py\", line 192, in impl\n    return func(*a, **kw)\n  File \"C:\\Users\\Kirill Troitsky\\practicum\\Diplom\\Diplom_3\\pages\\base_page.py\", line 13, in wait_for_element\n    return WebDriverWait(self.driver, timeout).until(EC.visibility_of_element_located(locator))\n  File \"C:\\Users\\Kirill Troitsky\\practicum\\Diplom\\Diplom_3\\venv\\lib\\site-packages\\selenium\\webdriver\\support\\wait.py\", line 95, in until\n    raise TimeoutException(message, screen, stacktrace)\n"}, "parameters": [{"name": "locator", "value": "('xpath', \".//ul[starts-with(@class, 'OrderFeed_orderListReady')]/li[text()[contains(., '182605')]]\")"}, {"name": "timeout", "value": "10"}], "start": 1739728728725, "stop": 1739728739040}], "parameters": [{"name": "order_id", "value": "'182605'"}], "start": 1739728728725, "stop": 1739728739041}], "parameters": [{"name": "driver", "value": "'firefox'"}], "start": 1739728714796, "stop": 1739728739042, "uuid": "0f76ced9-3a0f-45f7-a7fc-94338b5c5f18", "historyId": "678d41691ad8bb3218c5a700df335b99", "testCaseId": "b292cd68840196b3dfa5a14ef187a169", "fullName": "tests.test_orders_feed.TestOrdersFeed#test_appearance_of_the_order_number", "labels": [{"name": "parentSuite", "value": "tests"}, {"name": "suite", "value": "test_orders_feed"}, {"name": "subSuite", "value": "TestOrdersFeed"}, {"name": "host", "value": "LAPTOP-2J5GITAM"}, {"name": "thread", "value": "23104-MainThread"}, {"name": "framework", "value": "pytest"}, {"name": "language", "value": "cpython3"}, {"name": "package", "value": "tests.test_orders_feed"}]}