{"name": "Тест успешного закрытия окна нажатием на крестик", "status": "failed", "statusDetails": {"message": "AssertionError: assert None is False\n +  where None = <bound method FunctionalPage.check_popup_is_invisible of <pages.functional_page.FunctionalPage object at 0x000002258713BB48>>()\n +    where <bound method FunctionalPage.check_popup_is_invisible of <pages.functional_page.FunctionalPage object at 0x000002258713BB48>> = <pages.functional_page.FunctionalPage object at 0x000002258713BB48>.check_popup_is_invisible", "trace": "self = <tests.test_functional.TestMainFunctional object at 0x0000022587148948>\ndriver = <selenium.webdriver.firefox.webdriver.WebDriver (session=\"29847c67-8c6d-466a-838c-65b9ad897913\")>\npopup_with_details = <pages.functional_page.FunctionalPage object at 0x0000022587166608>\n\n    @allure.title('Тест успешного закрытия окна нажатием на крестик')\n    def test_close_window(self, driver, popup_with_details):\n        close_popup = FunctionalPage(driver)\n        close_popup.click_on_cross_button()\n>       assert close_popup.check_popup_is_invisible() is False\nE       assert None is False\nE        +  where None = <bound method FunctionalPage.check_popup_is_invisible of <pages.functional_page.FunctionalPage object at 0x000002258713BB48>>()\nE        +    where <bound method FunctionalPage.check_popup_is_invisible of <pages.functional_page.FunctionalPage object at 0x000002258713BB48>> = <pages.functional_page.FunctionalPage object at 0x000002258713BB48>.check_popup_is_invisible\n\ntests\\test_functional.py:33: AssertionError"}, "steps": [{"name": "Нажать на крестик на окне с деталями", "status": "passed", "steps": [{"name": "Кликнуть на элемент", "status": "passed", "steps": [{"name": "Подождать видимости элемента", "status": "passed", "parameters": [{"name": "locator", "value": "('xpath', \".//button[contains(@class, 'Modal_modal__close_modified')]\")"}, {"name": "timeout", "value": "10"}], "start": 1739721358772, "stop": 1739721358787}], "parameters": [{"name": "locator", "value": "('xpath', \".//button[contains(@class, 'Modal_modal__close_modified')]\")"}, {"name": "timeout", "value": "10"}], "start": 1739721358772, "stop": 1739721358998}], "start": 1739721358772, "stop": 1739721358998}, {"name": "Проверить невидимость окна с деталями", "status": "passed", "steps": [{"name": "Проверить, что элемент невидим", "status": "passed", "parameters": [{"name": "locator", "value": "('xpath', \".//h2[text()='Детали ингредиента']\")"}, {"name": "timeout", "value": "20"}], "start": 1739721358998, "stop": 1739721359028}], "start": 1739721358998, "stop": 1739721359028}], "parameters": [{"name": "driver", "value": "'firefox'"}], "start": 1739721358772, "stop": 1739721359028, "uuid": "1b51a073-1661-4fdd-91dc-fab9fecfba33", "historyId": "3259fcbf6f0fac1c543db10f03506de2", "testCaseId": "fe8d0b29f9401c48faa6f3f1053f7929", "fullName": "tests.test_functional.TestMainFunctional#test_close_window", "labels": [{"name": "parentSuite", "value": "tests"}, {"name": "suite", "value": "test_functional"}, {"name": "subSuite", "value": "TestMainFunctional"}, {"name": "host", "value": "LAPTOP-2J5GITAM"}, {"name": "thread", "value": "20312-MainThread"}, {"name": "framework", "value": "pytest"}, {"name": "language", "value": "cpython3"}, {"name": "package", "value": "tests.test_functional"}]}