{"name": "Тест успешного закрытия окна нажатием на крестик", "status": "failed", "statusDetails": {"message": "AssertionError: assert None is False\n +  where None = <bound method FunctionalPage.check_popup_is_invisible of <pages.functional_page.FunctionalPage object at 0x000002258714DF88>>()\n +    where <bound method FunctionalPage.check_popup_is_invisible of <pages.functional_page.FunctionalPage object at 0x000002258714DF88>> = <pages.functional_page.FunctionalPage object at 0x000002258714DF88>.check_popup_is_invisible", "trace": "self = <tests.test_functional.TestMainFunctional object at 0x00000225871481C8>, driver = <selenium.webdriver.chrome.webdriver.WebDriver (session=\"920df8c9c7e1cfa6e6751a2267c15867\")>\npopup_with_details = <pages.functional_page.FunctionalPage object at 0x0000022587153388>\n\n    @allure.title('Тест успешного закрытия окна нажатием на крестик')\n    def test_close_window(self, driver, popup_with_details):\n        close_popup = FunctionalPage(driver)\n        close_popup.click_on_cross_button()\n>       assert close_popup.check_popup_is_invisible() is False\nE       assert None is False\nE        +  where None = <bound method FunctionalPage.check_popup_is_invisible of <pages.functional_page.FunctionalPage object at 0x000002258714DF88>>()\nE        +    where <bound method FunctionalPage.check_popup_is_invisible of <pages.functional_page.FunctionalPage object at 0x000002258714DF88>> = <pages.functional_page.FunctionalPage object at 0x000002258714DF88>.check_popup_is_invisible\n\ntests\\test_functional.py:33: AssertionError"}, "steps": [{"name": "Нажать на крестик на окне с деталями", "status": "passed", "steps": [{"name": "Кликнуть на элемент", "status": "passed", "steps": [{"name": "Подождать видимости элемента", "status": "passed", "parameters": [{"name": "locator", "value": "('xpath', \".//button[contains(@class, 'Modal_modal__close_modified')]\")"}, {"name": "timeout", "value": "10"}], "start": 1739721344955, "stop": 1739721344983}], "parameters": [{"name": "locator", "value": "('xpath', \".//button[contains(@class, 'Modal_modal__close_modified')]\")"}, {"name": "timeout", "value": "10"}], "start": 1739721344954, "stop": 1739721345059}], "start": 1739721344954, "stop": 1739721345059}, {"name": "Проверить невидимость окна с деталями", "status": "passed", "steps": [{"name": "Проверить, что элемент невидим", "status": "passed", "parameters": [{"name": "locator", "value": "('xpath', \".//h2[text()='Детали ингредиента']\")"}, {"name": "timeout", "value": "20"}], "start": 1739721345059, "stop": 1739721345629}], "start": 1739721345059, "stop": 1739721345629}], "attachments": [{"name": "log", "source": "257b0b66-4205-4a3c-9c23-5622b2de415d-attachment.txt", "type": "text/plain"}], "parameters": [{"name": "driver", "value": "'chrome'"}], "start": 1739721344954, "stop": 1739721345629, "uuid": "bb7ae05c-5baf-4935-8249-9630eb0e1025", "historyId": "f45b56982e3cda0fc8df107a79030fb8", "testCaseId": "fe8d0b29f9401c48faa6f3f1053f7929", "fullName": "tests.test_functional.TestMainFunctional#test_close_window", "labels": [{"name": "parentSuite", "value": "tests"}, {"name": "suite", "value": "test_functional"}, {"name": "subSuite", "value": "TestMainFunctional"}, {"name": "host", "value": "LAPTOP-2J5GITAM"}, {"name": "thread", "value": "20312-MainThread"}, {"name": "framework", "value": "pytest"}, {"name": "language", "value": "cpython3"}, {"name": "package", "value": "tests.test_functional"}]}