{"name": "Тест проверки появления номера заказа в разделе \"В работе\" после оформления", "status": "broken", "statusDetails": {"message": "selenium.common.exceptions.TimeoutException: Message:", "trace": "self = <tests.test_orders_feed.TestOrdersFeed object at 0x000002258714F0C8>, driver = <selenium.webdriver.firefox.webdriver.WebDriver (session=\"192fcdb7-2960-4e9f-859b-d446a9d9d060\")>\nlogin_user = <pages.personal_account_page.PersonalAccount object at 0x0000022587230F48>\n\n    @allure.title('Тест проверки появления номера заказа в разделе \"В работе\" после оформления')\n    def test_appearance_of_the_order_number(self, driver, login_user):\n        orders = OrdersFeedPage(driver)\n        orders.main_page_loading_wait()\n        orders.drag_and_drop_ingredient()\n        orders.click_on_button_ordering()\n    \n>       orders.wait_for_order_number()\n\ntests\\test_orders_feed.py:65: \n_ _ _ _ _ _ _ _ _ _ _ _ _ _ _ _ _ _ _ _ _ _ _ _ _ _ _ _ _ _ _ _ _ _ _ _ _ _ _ _ _ _ _ _ _ _ _ _ _ _ _ _ _ _ _ _ _ _ _ _ _ _ _ _ _ _ _ _ _ _ _ _ _ _ _ _ _ _ _ _ _ _ _ _ _ _ _ _ _ _ _ _\npages\\orders_feed_page.py:67: in wait_for_order_number\n    self.check_element_is_invisible(MainPageLocators.OVERLAY)\npages\\base_page.py:40: in check_element_is_invisible\n    WebDriverWait(self.driver, timeout).until(EC.visibility_of_element_located(locator))\n_ _ _ _ _ _ _ _ _ _ _ _ _ _ _ _ _ _ _ _ _ _ _ _ _ _ _ _ _ _ _ _ _ _ _ _ _ _ _ _ _ _ _ _ _ _ _ _ _ _ _ _ _ _ _ _ _ _ _ _ _ _ _ _ _ _ _ _ _ _ _ _ _ _ _ _ _ _ _ _ _ _ _ _ _ _ _ _ _ _ _ _\n\nself = <selenium.webdriver.support.wait.WebDriverWait (session=\"192fcdb7-2960-4e9f-859b-d446a9d9d060\")>\nmethod = <function visibility_of_element_located.<locals>._predicate at 0x000002258723EF78>, message = ''\n\n    def until(self, method, message: str = \"\"):\n        \"\"\"Calls the method provided with the driver as an argument until the \\\n        return value does not evaluate to ``False``.\n    \n        :param method: callable(WebDriver)\n        :param message: optional message for :exc:`TimeoutException`\n        :returns: the result of the last call to `method`\n        :raises: :exc:`selenium.common.exceptions.TimeoutException` if timeout occurs\n        \"\"\"\n        screen = None\n        stacktrace = None\n    \n        end_time = time.monotonic() + self._timeout\n        while True:\n            try:\n                value = method(self._driver)\n                if value:\n                    return value\n            except self._ignored_exceptions as exc:\n                screen = getattr(exc, \"screen\", None)\n                stacktrace = getattr(exc, \"stacktrace\", None)\n            time.sleep(self._poll)\n            if time.monotonic() > end_time:\n                break\n>       raise TimeoutException(message, screen, stacktrace)\nE       selenium.common.exceptions.TimeoutException: Message:\n\nvenv\\lib\\site-packages\\selenium\\webdriver\\support\\wait.py:95: TimeoutException"}, "steps": [{"name": "Дождаться загрузки страницы", "status": "passed", "steps": [{"name": "Подождать пока элемент не станет невидимым", "status": "passed", "parameters": [{"name": "locator", "value": "('xpath', \".//div[contains(@class, 'Modal_modal_overlay__x2ZCr')]/parent::div\")"}, {"name": "timeout", "value": "10"}], "start": 1739721671993, "stop": 1739721672005}], "start": 1739721671993, "stop": 1739721672006}, {"name": "Добавить ингредиент в корзину", "status": "passed", "steps": [{"name": "Перетащить элемент в корзину", "status": "passed", "parameters": [{"name": "first_locator", "value": "('xpath', \".//p[text()='Флюоресцентная булка R2-D3']\")"}, {"name": "second_locator", "value": "('xpath', \".//ul[starts-with(@class, 'BurgerConstructor_basket__list__')]\")"}], "start": 1739721672006, "stop": 1739721672545}], "start": 1739721672006, "stop": 1739721672545}, {"name": "Кликнуть на элемент \"Оформить заказ\"", "status": "passed", "steps": [{"name": "Кликнуть на элемент", "status": "passed", "steps": [{"name": "Подождать видимости элемента", "status": "passed", "parameters": [{"name": "locator", "value": "('xpath', \".//button[text()='Оформить заказ']\")"}, {"name": "timeout", "value": "10"}], "start": 1739721672545, "stop": 1739721672565}], "parameters": [{"name": "locator", "value": "('xpath', \".//button[text()='Оформить заказ']\")"}, {"name": "timeout", "value": "10"}], "start": 1739721672545, "stop": 1739721672780}], "start": 1739721672545, "stop": 1739721672780}, {"name": "Подождать видимости элемента с номером заказа", "status": "broken", "statusDetails": {"message": "selenium.common.exceptions.TimeoutException: Message: \n\n", "trace": "  File \"C:\\Users\\Kirill Troitsky\\practicum\\Diplom\\Diplom_3\\venv\\lib\\site-packages\\allure_commons\\_allure.py\", line 192, in impl\n    return func(*a, **kw)\n  File \"C:\\Users\\Kirill Troitsky\\practicum\\Diplom\\Diplom_3\\pages\\orders_feed_page.py\", line 67, in wait_for_order_number\n    self.check_element_is_invisible(MainPageLocators.OVERLAY)\n  File \"C:\\Users\\Kirill Troitsky\\practicum\\Diplom\\Diplom_3\\venv\\lib\\site-packages\\allure_commons\\_allure.py\", line 192, in impl\n    return func(*a, **kw)\n  File \"C:\\Users\\Kirill Troitsky\\practicum\\Diplom\\Diplom_3\\pages\\base_page.py\", line 40, in check_element_is_invisible\n    WebDriverWait(self.driver, timeout).until(EC.visibility_of_element_located(locator))\n  File \"C:\\Users\\Kirill Troitsky\\practicum\\Diplom\\Diplom_3\\venv\\lib\\site-packages\\selenium\\webdriver\\support\\wait.py\", line 95, in until\n    raise TimeoutException(message, screen, stacktrace)\n"}, "steps": [{"name": "Проверить, что элемент невидим", "status": "broken", "statusDetails": {"message": "selenium.common.exceptions.TimeoutException: Message: \n\n", "trace": "  File \"C:\\Users\\Kirill Troitsky\\practicum\\Diplom\\Diplom_3\\venv\\lib\\site-packages\\allure_commons\\_allure.py\", line 192, in impl\n    return func(*a, **kw)\n  File \"C:\\Users\\Kirill Troitsky\\practicum\\Diplom\\Diplom_3\\pages\\base_page.py\", line 40, in check_element_is_invisible\n    WebDriverWait(self.driver, timeout).until(EC.visibility_of_element_located(locator))\n  File \"C:\\Users\\Kirill Troitsky\\practicum\\Diplom\\Diplom_3\\venv\\lib\\site-packages\\selenium\\webdriver\\support\\wait.py\", line 95, in until\n    raise TimeoutException(message, screen, stacktrace)\n"}, "parameters": [{"name": "locator", "value": "('xpath', \".//div[contains(@class, 'Modal_modal_overlay__x2ZCr')]/parent::div\")"}, {"name": "timeout", "value": "20"}], "start": 1739721672780, "stop": 1739721693268}], "start": 1739721672780, "stop": 1739721693269}], "parameters": [{"name": "driver", "value": "'firefox'"}], "start": 1739721671993, "stop": 1739721693269, "uuid": "1b5c299a-1591-4ab1-b1f5-cc6796aefcd7", "historyId": "678d41691ad8bb3218c5a700df335b99", "testCaseId": "b292cd68840196b3dfa5a14ef187a169", "fullName": "tests.test_orders_feed.TestOrdersFeed#test_appearance_of_the_order_number", "labels": [{"name": "parentSuite", "value": "tests"}, {"name": "suite", "value": "test_orders_feed"}, {"name": "subSuite", "value": "TestOrdersFeed"}, {"name": "host", "value": "LAPTOP-2J5GITAM"}, {"name": "thread", "value": "20312-MainThread"}, {"name": "framework", "value": "pytest"}, {"name": "language", "value": "cpython3"}, {"name": "package", "value": "tests.test_orders_feed"}]}