{"name": "Тест успешного закрытия окна нажатием на крестик", "status": "broken", "statusDetails": {"message": "selenium.common.exceptions.TimeoutException: Message:", "trace": "self = <tests.test_functional.TestMainFunctional object at 0x000001CB28850988>\ndriver = <selenium.webdriver.firefox.webdriver.WebDriver (session=\"97784874-2919-4eca-9ddd-aeb98903dc86\")>\npopup_with_details = <pages.functional_page.FunctionalPage object at 0x000001CB28893FC8>\n\n    @allure.title('Тест успешного закрытия окна нажатием на крестик')\n    def test_close_window(self, driver, popup_with_details):\n        close_popup = FunctionalPage(driver)\n        close_popup.click_on_cross_button()\n>       assert close_popup.check_popup_is_invisible() is False\n\ntests\\test_functional.py:33: \n_ _ _ _ _ _ _ _ _ _ _ _ _ _ _ _ _ _ _ _ _ _ _ _ _ _ _ _ _ _ _ _ _ _ _ _ _ _ _ _ _ _ _ _ _ _ _ _ _ _ _ _ _ _ _ _ _ _ _ _ _ _ _ _ _ _ _ _ _ _ _ _ _ _ _ _ _ _ _ _ _ _ _ _ _ _ _ _ _ _ _ _\npages\\functional_page.py:47: in check_popup_is_invisible\n    return self.check_element_is_invisible(FunctionalPageLocators.DETAILS)\npages\\base_page.py:40: in check_element_is_invisible\n    WebDriverWait(self.driver, timeout).until(EC.visibility_of_element_located(locator))\n_ _ _ _ _ _ _ _ _ _ _ _ _ _ _ _ _ _ _ _ _ _ _ _ _ _ _ _ _ _ _ _ _ _ _ _ _ _ _ _ _ _ _ _ _ _ _ _ _ _ _ _ _ _ _ _ _ _ _ _ _ _ _ _ _ _ _ _ _ _ _ _ _ _ _ _ _ _ _ _ _ _ _ _ _ _ _ _ _ _ _ _\n\nself = <selenium.webdriver.support.wait.WebDriverWait (session=\"97784874-2919-4eca-9ddd-aeb98903dc86\")>\nmethod = <function visibility_of_element_located.<locals>._predicate at 0x000001CB288F2DC8>, message = ''\n\n    def until(self, method, message: str = \"\"):\n        \"\"\"Calls the method provided with the driver as an argument until the \\\n        return value does not evaluate to ``False``.\n    \n        :param method: callable(WebDriver)\n        :param message: optional message for :exc:`TimeoutException`\n        :returns: the result of the last call to `method`\n        :raises: :exc:`selenium.common.exceptions.TimeoutException` if timeout occurs\n        \"\"\"\n        screen = None\n        stacktrace = None\n    \n        end_time = time.monotonic() + self._timeout\n        while True:\n            try:\n                value = method(self._driver)\n                if value:\n                    return value\n            except self._ignored_exceptions as exc:\n                screen = getattr(exc, \"screen\", None)\n                stacktrace = getattr(exc, \"stacktrace\", None)\n            time.sleep(self._poll)\n            if time.monotonic() > end_time:\n                break\n>       raise TimeoutException(message, screen, stacktrace)\nE       selenium.common.exceptions.TimeoutException: Message:\n\nvenv\\lib\\site-packages\\selenium\\webdriver\\support\\wait.py:95: TimeoutException"}, "steps": [{"name": "Нажать на крестик на окне с деталями", "status": "passed", "steps": [{"name": "Кликнуть на элемент", "status": "passed", "steps": [{"name": "Подождать видимости элемента", "status": "passed", "parameters": [{"name": "locator", "value": "('xpath', \".//button[contains(@class, 'Modal_modal__close_modified')]\")"}, {"name": "timeout", "value": "10"}], "start": 1739723736931, "stop": 1739723736945}], "parameters": [{"name": "locator", "value": "('xpath', \".//button[contains(@class, 'Modal_modal__close_modified')]\")"}, {"name": "timeout", "value": "10"}], "start": 1739723736931, "stop": 1739723737159}], "start": 1739723736931, "stop": 1739723737159}, {"name": "Проверить невидимость окна с деталями", "status": "broken", "statusDetails": {"message": "selenium.common.exceptions.TimeoutException: Message: \n\n", "trace": "  File \"C:\\Users\\Kirill Troitsky\\practicum\\Diplom\\Diplom_3\\venv\\lib\\site-packages\\allure_commons\\_allure.py\", line 192, in impl\n    return func(*a, **kw)\n  File \"C:\\Users\\Kirill Troitsky\\practicum\\Diplom\\Diplom_3\\pages\\functional_page.py\", line 47, in check_popup_is_invisible\n    return self.check_element_is_invisible(FunctionalPageLocators.DETAILS)\n  File \"C:\\Users\\Kirill Troitsky\\practicum\\Diplom\\Diplom_3\\venv\\lib\\site-packages\\allure_commons\\_allure.py\", line 192, in impl\n    return func(*a, **kw)\n  File \"C:\\Users\\Kirill Troitsky\\practicum\\Diplom\\Diplom_3\\pages\\base_page.py\", line 40, in check_element_is_invisible\n    WebDriverWait(self.driver, timeout).until(EC.visibility_of_element_located(locator))\n  File \"C:\\Users\\Kirill Troitsky\\practicum\\Diplom\\Diplom_3\\venv\\lib\\site-packages\\selenium\\webdriver\\support\\wait.py\", line 95, in until\n    raise TimeoutException(message, screen, stacktrace)\n"}, "steps": [{"name": "Проверить, что элемент невидим", "status": "broken", "statusDetails": {"message": "selenium.common.exceptions.TimeoutException: Message: \n\n", "trace": "  File \"C:\\Users\\Kirill Troitsky\\practicum\\Diplom\\Diplom_3\\venv\\lib\\site-packages\\allure_commons\\_allure.py\", line 192, in impl\n    return func(*a, **kw)\n  File \"C:\\Users\\Kirill Troitsky\\practicum\\Diplom\\Diplom_3\\pages\\base_page.py\", line 40, in check_element_is_invisible\n    WebDriverWait(self.driver, timeout).until(EC.visibility_of_element_located(locator))\n  File \"C:\\Users\\Kirill Troitsky\\practicum\\Diplom\\Diplom_3\\venv\\lib\\site-packages\\selenium\\webdriver\\support\\wait.py\", line 95, in until\n    raise TimeoutException(message, screen, stacktrace)\n"}, "parameters": [{"name": "locator", "value": "('xpath', \".//h2[text()='Детали ингредиента']\")"}, {"name": "timeout", "value": "20"}], "start": 1739723737159, "stop": 1739723757582}], "start": 1739723737159, "stop": 1739723757585}], "parameters": [{"name": "driver", "value": "'firefox'"}], "start": 1739723736930, "stop": 1739723757585, "uuid": "7134cafa-28d9-4dd9-8e9b-2ffa060979cb", "historyId": "3259fcbf6f0fac1c543db10f03506de2", "testCaseId": "fe8d0b29f9401c48faa6f3f1053f7929", "fullName": "tests.test_functional.TestMainFunctional#test_close_window", "labels": [{"name": "parentSuite", "value": "tests"}, {"name": "suite", "value": "test_functional"}, {"name": "subSuite", "value": "TestMainFunctional"}, {"name": "host", "value": "LAPTOP-2J5GITAM"}, {"name": "thread", "value": "22540-MainThread"}, {"name": "framework", "value": "pytest"}, {"name": "language", "value": "cpython3"}, {"name": "package", "value": "tests.test_functional"}]}